[debug] [2022-03-22T14:48:13.158Z] ----------------------------------------------------------------------
[debug] [2022-03-22T14:48:13.159Z] Command:       C:\Program Files\nodejs\node.exe C:\Program Files\nodejs\node_modules\firebase-tools\lib\bin\firebase.js init
[debug] [2022-03-22T14:48:13.160Z] CLI Version:   10.2.0
[debug] [2022-03-22T14:48:13.160Z] Platform:      win32
[debug] [2022-03-22T14:48:13.160Z] Node Version:  v16.14.0
[debug] [2022-03-22T14:48:13.161Z] Time:          Tue Mar 22 2022 10:48:13 GMT-0400 (Eastern Daylight Time)
[debug] [2022-03-22T14:48:13.161Z] ----------------------------------------------------------------------
[debug] 
[debug] [2022-03-22T14:48:13.213Z] > command requires scopes: ["email","openid","https://www.googleapis.com/auth/cloudplatformprojects.readonly","https://www.googleapis.com/auth/firebase","https://www.googleapis.com/auth/cloud-platform"]
[debug] [2022-03-22T14:48:13.214Z] > authorizing via signed-in user (jordanclemens1986@gmail.com)
[info] 
     ######## #### ########  ######## ########     ###     ######  ########
     ##        ##  ##     ## ##       ##     ##  ##   ##  ##       ##
     ######    ##  ########  ######   ########  #########  ######  ######
     ##        ##  ##    ##  ##       ##     ## ##     ##       ## ##
     ##       #### ##     ## ######## ########  ##     ##  ######  ########

You're about to initialize a Firebase project in this directory:

  C:\Users\jclem\Projects\mern-social-media\frontend-react

Before we get started, keep in mind:

  * You are initializing within an existing Firebase project directory

[info] 
=== Project Setup
[info] 
[info] First, let's associate this project directory with a Firebase project.
[info] You can create multiple project aliases by running firebase use --add, 
[info] but for now we'll just set up a default project.
[info] 
[debug] [2022-03-22T14:48:19.751Z] Using project from CLI flag: mad-chatter-app
[debug] [2022-03-22T14:48:19.753Z] > refreshing access token with scopes: []
[debug] [2022-03-22T14:48:19.753Z] >>> HTTP REQUEST POST https://www.googleapis.com/oauth2/v3/token  
 <request body omitted>
[debug] [2022-03-22T14:48:19.996Z] <<< HTTP RESPONSE 200 {"cache-control":"no-cache, no-store, max-age=0, must-revalidate","expires":"Mon, 01 Jan 1990 00:00:00 GMT","date":"Tue, 22 Mar 2022 14:48:19 GMT","pragma":"no-cache","content-type":"application/json; charset=utf-8","vary":"X-Origin, Referer, Origin,Accept-Encoding","server":"scaffolding on HTTPServer2","x-xss-protection":"0","x-frame-options":"SAMEORIGIN","x-content-type-options":"nosniff","alt-svc":"h3=\":443\"; ma=2592000,h3-29=\":443\"; ma=2592000,h3-Q050=\":443\"; ma=2592000,h3-Q046=\":443\"; ma=2592000,h3-Q043=\":443\"; ma=2592000,quic=\":443\"; ma=2592000; v=\"46,43\"","accept-ranges":"none","transfer-encoding":"chunked"}
[debug] [2022-03-22T14:48:20.008Z] >>> [apiv2][query] GET https://firebase.googleapis.com/v1beta1/projects/mad-chatter-app [none]
[debug] [2022-03-22T14:48:20.352Z] <<< [apiv2][status] GET https://firebase.googleapis.com/v1beta1/projects/mad-chatter-app 200
[debug] [2022-03-22T14:48:20.352Z] <<< [apiv2][body] GET https://firebase.googleapis.com/v1beta1/projects/mad-chatter-app {"projectId":"mad-chatter-app","projectNumber":"131160342273","displayName":"mad-chatter-app","name":"projects/mad-chatter-app","resources":{"hostingSite":"mad-chatter-app"},"state":"ACTIVE"}
[info] i  Using project mad-chatter-app (mad-chatter-app) 
[info] 
=== Hosting Setup
[info] 
[info] Your public directory is the folder (relative to your project directory) that
[info] will contain Hosting assets to be uploaded with firebase deploy. If you
[info] have a build process for your assets, use your build's output directory.
[info] 
